#
# There is insufficient memory for the Java Runtime Environment to continue.
# Native memory allocation (malloc) failed to allocate 1102880 bytes for Chunk::new
# Possible reasons:
#   The system is out of physical RAM or swap space
#   The process is running with CompressedOops enabled, and the Java Heap may be blocking the growth of the native heap
# Possible solutions:
#   Reduce memory load on the system
#   Increase physical memory or swap space
#   Check if swap backing store is full
#   Decrease Java heap size (-Xmx/-Xms)
#   Decrease number of Java threads
#   Decrease Java thread stack sizes (-Xss)
#   Set larger code cache with -XX:ReservedCodeCacheSize=
#   JVM is running with Unscaled Compressed Oops mode in which the Java heap is
#     placed in the first 4GB address space. The Java Heap base address is the
#     maximum limit for the native heap growth. Please use -XX:HeapBaseMinAddress
#     to set the Java Heap base and to place the Java Heap above 4GB virtual address.
# This output file may be truncated or incomplete.
#
#  Out of Memory Error (allocation.cpp:389), pid=6944, tid=0x00000000000006e4
#
# JRE version: OpenJDK Runtime Environment (8.0_242-b01) (build 1.8.0_242-release-1644-b01)
# Java VM: OpenJDK 64-Bit Server VM (25.242-b01 mixed mode windows-amd64 compressed oops)
# Failed to write core dump. Minidumps are not enabled by default on client versions of Windows
#

---------------  T H R E A D  ---------------

Current thread (0x0000000018c57000):  JavaThread "C2 CompilerThread1" daemon [_thread_in_native, id=1764, stack(0x0000000019620000,0x0000000019720000)]

Stack: [0x0000000019620000,0x0000000019720000]
[error occurred during error reporting (printing stack bounds), id 0xc0000005]

Native frames: (J=compiled Java code, j=interpreted, Vv=VM code, C=native code)


Current CompileTask:
C2:3066322 30799       4       org.objectweb.asm.commons.Remapper::mapType (18 bytes)


---------------  P R O C E S S  ---------------

Java Threads: ( => current thread )
  0x000000001b807000 JavaThread "Exec process Thread 18" [_thread_in_native, id=12548, stack(0x0000000032020000,0x0000000032120000)]
  0x000000001b803800 JavaThread "Exec process Thread 17" [_thread_in_native, id=11576, stack(0x0000000031f20000,0x0000000032020000)]
  0x000000001b806800 JavaThread "Exec process Thread 16" [_thread_in_native, id=1172, stack(0x0000000027cb0000,0x0000000027db0000)]
  0x000000001b7fa800 JavaThread "Cache worker for execution history cache (C:\Users\ADMIN\Desktop\UberClone\android\.gradle\5.6.2\executionHistory)" [_thread_blocked, id=14528, stack(0x0000000033100000,0x0000000033200000)]
  0x000000001b7ff000 JavaThread "Execution worker for ':' Thread 7" [_thread_blocked, id=1664, stack(0x000000002e070000,0x000000002e170000)]
  0x000000001b7fd800 JavaThread "Execution worker for ':' Thread 6" [_thread_blocked, id=9572, stack(0x000000002d2a0000,0x000000002d3a0000)]
  0x000000001b7fc800 JavaThread "Execution worker for ':' Thread 5" [_thread_blocked, id=13888, stack(0x000000002cbf0000,0x000000002ccf0000)]
  0x000000001b7ff800 JavaThread "Execution worker for ':' Thread 4" [_thread_blocked, id=2440, stack(0x000000002be40000,0x000000002bf40000)]
  0x000000001b800800 JavaThread "Execution worker for ':' Thread 3" [_thread_blocked, id=7592, stack(0x000000002a9b0000,0x000000002aab0000)]
  0x000000001bc6f800 JavaThread "Execution worker for ':' Thread 2" [_thread_blocked, id=6716, stack(0x0000000029270000,0x0000000029370000)]
  0x000000001bc6f000 JavaThread "Execution worker for ':'" [_thread_blocked, id=304, stack(0x0000000028b70000,0x0000000028c70000)]
  0x000000001bc6d800 JavaThread "Cache worker for file content cache (C:\Users\ADMIN\Desktop\UberClone\android\.gradle\5.6.2\fileContent)" [_thread_blocked, id=5528, stack(0x0000000026370000,0x0000000026470000)]
  0x000000001bc65000 JavaThread "Cache worker for Build Output Cleanup Cache (C:\Users\ADMIN\Desktop\UberClone\android\.gradle\buildOutputCleanup)" [_thread_blocked, id=12460, stack(0x0000000024f20000,0x0000000025020000)]
  0x000000001bc64000 JavaThread "Build operations Thread 8" [_thread_blocked, id=6736, stack(0x0000000023e40000,0x0000000023f40000)]
  0x000000001bc6b000 JavaThread "Build operations Thread 7" [_thread_blocked, id=8420, stack(0x0000000023740000,0x0000000023840000)]
  0x000000001bc63800 JavaThread "Build operations Thread 6" [_thread_blocked, id=13076, stack(0x0000000023640000,0x0000000023740000)]
  0x000000001bc68000 JavaThread "Build operations Thread 5" [_thread_blocked, id=5988, stack(0x0000000023540000,0x0000000023640000)]
  0x000000001bc6a000 JavaThread "Build operations Thread 4" [_thread_blocked, id=11204, stack(0x0000000023440000,0x0000000023540000)]
  0x000000001bc60800 JavaThread "Build operations Thread 3" [_thread_blocked, id=5784, stack(0x0000000023340000,0x0000000023440000)]
  0x000000001bc67000 JavaThread "Build operations Thread 2" [_thread_blocked, id=13956, stack(0x0000000023240000,0x0000000023340000)]
  0x000000001bc62800 JavaThread "Build operations" [_thread_blocked, id=10852, stack(0x0000000023140000,0x0000000023240000)]
  0x000000001bc62000 JavaThread "Cache worker for cache directory md-rule (C:\Users\ADMIN\.gradle\caches\5.6.2\md-rule)" [_thread_blocked, id=9708, stack(0x0000000023040000,0x0000000023140000)]
  0x000000001a67c000 JavaThread "Cache worker for cache directory md-supplier (C:\Users\ADMIN\.gradle\caches\5.6.2\md-supplier)" [_thread_blocked, id=972, stack(0x0000000022550000,0x0000000022650000)]
  0x000000001a681800 JavaThread "Cache worker for file hash cache (C:\Users\ADMIN\Desktop\UberClone\android\.gradle\5.6.2\fileHashes)" [_thread_blocked, id=15168, stack(0x000000001ffe0000,0x00000000200e0000)]
  0x000000001a67f000 JavaThread "Thread-187" [_thread_blocked, id=10064, stack(0x000000001fee0000,0x000000001ffe0000)]
  0x000000001a680800 JavaThread "Stdin handler" [_thread_blocked, id=8180, stack(0x000000001d540000,0x000000001d640000)]
  0x000000001a682000 JavaThread "Asynchronous log dispatcher for DefaultDaemonConnection: socket connection from /127.0.0.1:56667 to /127.0.0.1:60573" [_thread_blocked, id=11184, stack(0x000000001d440000,0x000000001d540000)]
  0x000000001a67c800 JavaThread "Daemon worker Thread 6" [_thread_blocked, id=7044, stack(0x000000001d240000,0x000000001d340000)]
  0x000000001a683000 JavaThread "Cancel handler" [_thread_blocked, id=10636, stack(0x000000001cf40000,0x000000001d040000)]
  0x000000001a67d800 JavaThread "Handler for socket connection from /127.0.0.1:56667 to /127.0.0.1:60573" [_thread_in_native, id=6576, stack(0x000000001cc40000,0x000000001cd40000)]
  0x000000001a67f800 JavaThread "Daemon Thread 6" [_thread_blocked, id=2328, stack(0x0000000001470000,0x0000000001570000)]
  0x0000000026a7d000 JavaThread "RMI Reaper" [_thread_blocked, id=5964, stack(0x000000002d1a0000,0x000000002d2a0000)]
  0x0000000026a80000 JavaThread "RMI TCP Accept-0" daemon [_thread_in_native, id=11376, stack(0x000000002d0a0000,0x000000002d1a0000)]
  0x0000000026a7a800 JavaThread "GC Daemon" daemon [_thread_blocked, id=14204, stack(0x000000002cfa0000,0x000000002d0a0000)]
  0x0000000019c0a000 JavaThread "RMI Scheduler(0)" daemon [_thread_blocked, id=10520, stack(0x000000002c8a0000,0x000000002c9a0000)]
  0x000000002a53c000 JavaThread "Cache worker for Java compile cache (C:\Users\ADMIN\.gradle\caches\5.6.2\javaCompile)" [_thread_blocked, id=4548, stack(0x000000002c1a0000,0x000000002c2a0000)]
  0x000000001b808000 JavaThread "Cache worker for file content cache (C:\Users\ADMIN\.gradle\caches\5.6.2\fileContent)" [_thread_blocked, id=14764, stack(0x0000000026270000,0x0000000026370000)]
  0x000000001b802800 JavaThread "Memory manager" [_thread_blocked, id=1408, stack(0x0000000024140000,0x0000000024240000)]
  0x000000001b7f9800 JavaThread "Cache worker for execution history cache (C:\Users\ADMIN\.gradle\caches\5.6.2\executionHistory)" [_thread_blocked, id=3388, stack(0x0000000022d40000,0x0000000022e40000)]
  0x0000000019c08800 JavaThread "Cache worker for journal cache (C:\Users\ADMIN\.gradle\caches\journal-1)" [_thread_blocked, id=7196, stack(0x000000001d840000,0x000000001d940000)]
  0x0000000019c07800 JavaThread "File lock request listener" [_thread_in_native, id=14784, stack(0x000000001d740000,0x000000001d840000)]
  0x0000000019c09800 JavaThread "Cache worker for file hash cache (C:\Users\ADMIN\.gradle\caches\5.6.2\fileHashes)" [_thread_blocked, id=436, stack(0x000000001d640000,0x000000001d740000)]
  0x000000001b473000 JavaThread "Daemon periodic checks" [_thread_blocked, id=11720, stack(0x000000001cb40000,0x000000001cc40000)]
  0x000000001b466800 JavaThread "Incoming local TCP Connector on port 56667" [_thread_in_native, id=14952, stack(0x000000001c900000,0x000000001ca00000)]
  0x000000001b3ce000 JavaThread "Daemon health stats" [_thread_blocked, id=15032, stack(0x000000001c2c0000,0x000000001c3c0000)]
  0x0000000018cdd000 JavaThread "Service Thread" daemon [_thread_blocked, id=13584, stack(0x0000000019920000,0x0000000019a20000)]
  0x0000000018c62800 JavaThread "C1 CompilerThread3" daemon [_thread_blocked, id=12488, stack(0x0000000019820000,0x0000000019920000)]
  0x0000000018c5a000 JavaThread "C2 CompilerThread2" daemon [_thread_in_native, id=13512, stack(0x0000000019720000,0x0000000019820000)]
=>0x0000000018c57000 JavaThread "C2 CompilerThread1" daemon [_thread_in_native, id=1764, stack(0x0000000019620000,0x0000000019720000)]
  0x0000000018c53000 JavaThread "C2 CompilerThread0" daemon [_thread_blocked, id=652, stack(0x0000000019520000,0x0000000019620000)]
  0x0000000018c51000 JavaThread "Attach Listener" daemon [_thread_blocked, id=11984, stack(0x0000000019420000,0x0000000019520000)]
  0x0000000018c50000 JavaThread "Signal Dispatcher" daemon [_thread_blocked, id=12088, stack(0x0000000019320000,0x0000000019420000)]
  0x0000000018c41000 JavaThread "Finalizer" daemon [_thread_blocked, id=10116, stack(0x0000000019120000,0x0000000019220000)]
  0x0000000003057000 JavaThread "Reference Handler" daemon [_thread_blocked, id=13172, stack(0x0000000019020000,0x0000000019120000)]
  0x0000000002f62800 JavaThread "main" [_thread_blocked, id=8552, stack(0x0000000002e60000,0x0000000002f60000)]

Other Threads:
  0x0000000016e17000 VMThread [stack: 0x0000000018b20000,0x0000000018c20000] [id=14788]
  0x0000000018cde800 WatcherThread [stack: 0x0000000019a20000,0x0000000019b20000] [id=12884]

VM state:not at safepoint (normal execution)

VM Mutex/Monitor currently owned by a thread: None

heap address: 0x00000000a0000000, size: 1536 MB, Compressed Oops mode: 32-bit
Narrow klass base: 0x0000000000000000, Narrow klass shift: 3
Compressed class space size: 1073741824 Address: 0x0000000100000000

Heap:
 PSYoungGen      total 403456K, used 272011K [0x00000000e0000000, 0x0000000100000000, 0x0000000100000000)
  eden space 310272K, 57% used [0x00000000e0000000,0x00000000eaea3338,0x00000000f2f00000)
  from space 93184K, 99% used [0x00000000fa500000,0x00000000fffffa58,0x0000000100000000)
  to   space 107008K, 0% used [0x00000000f2f00000,0x00000000f2f00000,0x00000000f9780000)
 ParOldGen       total 240128K, used 200732K [0x00000000a0000000, 0x00000000aea80000, 0x00000000e0000000)
  object space 240128K, 83% used [0x00000000a0000000,0x00000000ac4073e0,0x00000000aea80000)
 Metaspace       used 125224K, capacity 135544K, committed 135848K, reserved 1167360K
  class space    used 16232K, capacity 18574K, committed 18600K, reserved 1048576K

Card table byte_map: [0x0000000012420000,0x0000000012730000] byte_map_base: 0x0000000011f20000

Marking Bits: (ParMarkBitMap*) 0x0000000060a8f030
 Begin Bits: [0x0000000013130000, 0x0000000014930000)
 End Bits:   [0x0000000014930000, 0x0000000016130000)

Polling page: 0x0000000001130000

CodeCache: size=245760Kb used=86552Kb max_used=86552Kb free=159207Kb
 bounds [0x0000000003060000, 0x0000000008560000, 0x0000000012060000]
 total_blobs=25371 nmethods=24457 adapters=823
 compilation: enabled

Compilation events (10 events):
Event: 3066.274 Thread 0x0000000018c62800 31100       3       org.gradle.internal.io.LinePerThreadBufferingOutputStream::getStream (44 bytes)
Event: 3066.275 Thread 0x0000000018c62800 nmethod 31100 0x000000000854c190 code [0x000000000854c3a0, 0x000000000854cdf8]
Event: 3066.279 Thread 0x0000000018c62800 31101       3       org.gradle.internal.io.LineBufferingOutputStream::write (59 bytes)
Event: 3066.281 Thread 0x0000000018c62800 nmethod 31101 0x0000000008549190 code [0x0000000008549400, 0x000000000854a378]
Event: 3066.282 Thread 0x0000000018c62800 31102       3       org.gradle.internal.io.StreamByteBuffer$StreamByteBufferOutputStream::write (22 bytes)
Event: 3066.283 Thread 0x0000000018c62800 nmethod 31102 0x00000000084d7b50 code [0x00000000084d7ce0, 0x00000000084d7fa8]
Event: 3066.283 Thread 0x0000000018c62800 31103       3       org.gradle.internal.io.StreamByteBuffer$StreamByteBufferChunk::write (32 bytes)
Event: 3066.283 Thread 0x0000000018c62800 nmethod 31103 0x000000000854bd50 code [0x000000000854bec0, 0x000000000854c090]
Event: 3066.283 Thread 0x0000000018c62800 31104       3       org.gradle.internal.io.LineBufferingOutputStream::endsWithLineSeparator (27 bytes)
Event: 3066.284 Thread 0x0000000018c62800 nmethod 31104 0x000000000854b990 code [0x000000000854bae0, 0x000000000854bcd0]

GC Heap History (10 events):
Event: 1632.891 GC heap before
{Heap before GC invocations=36 (full 4):
 PSYoungGen      total 448512K, used 376472K [0x00000000e0000000, 0x0000000100000000, 0x0000000100000000)
  eden space 374784K, 99% used [0x00000000e0000000,0x00000000f6d55548,0x00000000f6e00000)
  from space 73728K, 3% used [0x00000000f6e00000,0x00000000f7050e60,0x00000000fb600000)
  to   space 75776K, 0% used [0x00000000fb600000,0x00000000fb600000,0x0000000100000000)
 ParOldGen       total 240128K, used 166475K [0x00000000a0000000, 0x00000000aea80000, 0x00000000e0000000)
  object space 240128K, 69% used [0x00000000a0000000,0x00000000aa292ca0,0x00000000aea80000)
 Metaspace       used 107081K, capacity 114430K, committed 114472K, reserved 1148928K
  class space    used 13765K, capacity 15392K, committed 15400K, reserved 1048576K
Event: 1632.971 GC heap after
Heap after GC invocations=36 (full 4):
 PSYoungGen      total 440320K, used 55017K [0x00000000e0000000, 0x0000000100000000, 0x0000000100000000)
  eden space 364544K, 0% used [0x00000000e0000000,0x00000000e0000000,0x00000000f6400000)
  from space 75776K, 72% used [0x00000000fb600000,0x00000000febba7d0,0x0000000100000000)
  to   space 79872K, 0% used [0x00000000f6400000,0x00000000f6400000,0x00000000fb200000)
 ParOldGen       total 240128K, used 166483K [0x00000000a0000000, 0x00000000aea80000, 0x00000000e0000000)
  object space 240128K, 69% used [0x00000000a0000000,0x00000000aa294ca0,0x00000000aea80000)
 Metaspace       used 107081K, capacity 114430K, committed 114472K, reserved 1148928K
  class space    used 13765K, capacity 15392K, committed 15400K, reserved 1048576K
}
Event: 3060.459 GC heap before
{Heap before GC invocations=37 (full 4):
 PSYoungGen      total 440320K, used 419561K [0x00000000e0000000, 0x0000000100000000, 0x0000000100000000)
  eden space 364544K, 100% used [0x00000000e0000000,0x00000000f6400000,0x00000000f6400000)
  from space 75776K, 72% used [0x00000000fb600000,0x00000000febba7d0,0x0000000100000000)
  to   space 79872K, 0% used [0x00000000f6400000,0x00000000f6400000,0x00000000fb200000)
 ParOldGen       total 240128K, used 166483K [0x00000000a0000000, 0x00000000aea80000, 0x00000000e0000000)
  object space 240128K, 69% used [0x00000000a0000000,0x00000000aa294ca0,0x00000000aea80000)
 Metaspace       used 119313K, capacity 127858K, committed 127912K, reserved 1159168K
  class space    used 15408K, capacity 17299K, committed 17320K, reserved 1048576K
Event: 3060.504 GC heap after
Heap after GC invocations=37 (full 4):
 PSYoungGen      total 444416K, used 29105K [0x00000000e0000000, 0x00000000ffd00000, 0x0000000100000000)
  eden space 364544K, 0% used [0x00000000e0000000,0x00000000e0000000,0x00000000f6400000)
  from space 79872K, 36% used [0x00000000f6400000,0x00000000f806c720,0x00000000fb200000)
  to   space 76288K, 0% used [0x00000000fb280000,0x00000000fb280000,0x00000000ffd00000)
 ParOldGen       total 240128K, used 166491K [0x00000000a0000000, 0x00000000aea80000, 0x00000000e0000000)
  object space 240128K, 69% used [0x00000000a0000000,0x00000000aa296ca0,0x00000000aea80000)
 Metaspace       used 119313K, capacity 127858K, committed 127912K, reserved 1159168K
  class space    used 15408K, capacity 17299K, committed 17320K, reserved 1048576K
}
Event: 3063.251 GC heap before
{Heap before GC invocations=38 (full 4):
 PSYoungGen      total 444416K, used 393649K [0x00000000e0000000, 0x00000000ffd00000, 0x0000000100000000)
  eden space 364544K, 100% used [0x00000000e0000000,0x00000000f6400000,0x00000000f6400000)
  from space 79872K, 36% used [0x00000000f6400000,0x00000000f806c720,0x00000000fb200000)
  to   space 76288K, 0% used [0x00000000fb280000,0x00000000fb280000,0x00000000ffd00000)
 ParOldGen       total 240128K, used 166491K [0x00000000a0000000, 0x00000000aea80000, 0x00000000e0000000)
  object space 240128K, 69% used [0x00000000a0000000,0x00000000aa296ca0,0x00000000aea80000)
 Metaspace       used 124955K, capacity 135238K, committed 135336K, reserved 1165312K
  class space    used 16221K, capacity 18565K, committed 18600K, reserved 1048576K
Event: 3063.310 GC heap after
Heap after GC invocations=38 (full 4):
 PSYoungGen      total 431616K, used 67585K [0x00000000e0000000, 0x0000000100000000, 0x0000000100000000)
  eden space 355328K, 0% used [0x00000000e0000000,0x00000000e0000000,0x00000000f5b00000)
  from space 76288K, 88% used [0x00000000fb280000,0x00000000ff480518,0x00000000ffd00000)
  to   space 84480K, 0% used [0x00000000f5b00000,0x00000000f5b00000,0x00000000fad80000)
 ParOldGen       total 240128K, used 166499K [0x00000000a0000000, 0x00000000aea80000, 0x00000000e0000000)
  object space 240128K, 69% used [0x00000000a0000000,0x00000000aa298ca0,0x00000000aea80000)
 Metaspace       used 124955K, capacity 135238K, committed 135336K, reserved 1165312K
  class space    used 16221K, capacity 18565K, committed 18600K, reserved 1048576K
}
Event: 3064.216 GC heap before
{Heap before GC invocations=39 (full 4):
 PSYoungGen      total 431616K, used 422913K [0x00000000e0000000, 0x0000000100000000, 0x0000000100000000)
  eden space 355328K, 100% used [0x00000000e0000000,0x00000000f5b00000,0x00000000f5b00000)
  from space 76288K, 88% used [0x00000000fb280000,0x00000000ff480518,0x00000000ffd00000)
  to   space 84480K, 0% used [0x00000000f5b00000,0x00000000f5b00000,0x00000000fad80000)
 ParOldGen       total 240128K, used 167345K [0x00000000a0000000, 0x00000000aea80000, 0x00000000e0000000)
  object space 240128K, 69% used [0x00000000a0000000,0x00000000aa36c6e8,0x00000000aea80000)
 Metaspace       used 125158K, capacity 135474K, committed 135592K, reserved 1167360K
  class space    used 16230K, capacity 18573K, committed 18600K, reserved 1048576K
Event: 3064.379 GC heap after
Heap after GC invocations=39 (full 4):
 PSYoungGen      total 429056K, used 73394K [0x00000000e0000000, 0x0000000100000000, 0x0000000100000000)
  eden space 355328K, 0% used [0x00000000e0000000,0x00000000e0000000,0x00000000f5b00000)
  from space 73728K, 99% used [0x00000000f5b00000,0x00000000fa2acb40,0x00000000fa300000)
  to   space 93184K, 0% used [0x00000000fa500000,0x00000000fa500000,0x0000000100000000)
 ParOldGen       total 240128K, used 167353K [0x00000000a0000000, 0x00000000aea80000, 0x00000000e0000000)
  object space 240128K, 69% used [0x00000000a0000000,0x00000000aa36e6e8,0x00000000aea80000)
 Metaspace       used 125158K, capacity 135474K, committed 135592K, reserved 1167360K
  class space    used 16230K, capacity 18573K, committed 18600K, reserved 1048576K
}
Event: 3064.880 GC heap before
{Heap before GC invocations=40 (full 4):
 PSYoungGen      total 429056K, used 428722K [0x00000000e0000000, 0x0000000100000000, 0x0000000100000000)
  eden space 355328K, 100% used [0x00000000e0000000,0x00000000f5b00000,0x00000000f5b00000)
  from space 73728K, 99% used [0x00000000f5b00000,0x00000000fa2acb40,0x00000000fa300000)
  to   space 93184K, 0% used [0x00000000fa500000,0x00000000fa500000,0x0000000100000000)
 ParOldGen       total 240128K, used 167357K [0x00000000a0000000, 0x00000000aea80000, 0x00000000e0000000)
  object space 240128K, 69% used [0x00000000a0000000,0x00000000aa36f528,0x00000000aea80000)
 Metaspace       used 125197K, capacity 135538K, committed 135848K, reserved 1167360K
  class space    used 16231K, capacity 18573K, committed 18600K, reserved 1048576K
Event: 3065.002 GC heap after
Heap after GC invocations=40 (full 4):
 PSYoungGen      total 403456K, used 93182K [0x00000000e0000000, 0x0000000100000000, 0x0000000100000000)
  eden space 310272K, 0% used [0x00000000e0000000,0x00000000e0000000,0x00000000f2f00000)
  from space 93184K, 99% used [0x00000000fa500000,0x00000000fffffa58,0x0000000100000000)
  to   space 107008K, 0% used [0x00000000f2f00000,0x00000000f2f00000,0x00000000f9780000)
 ParOldGen       total 240128K, used 200732K [0x00000000a0000000, 0x00000000aea80000, 0x00000000e0000000)
  object space 240128K, 83% used [0x00000000a0000000,0x00000000ac4073e0,0x00000000aea80000)
 Metaspace       used 125197K, capacity 135538K, committed 135848K, reserved 1167360K
  class space    used 16231K, capacity 18573K, committed 18600K, reserved 1048576K
}

Deoptimization events (10 events):
Event: 3064.678 Thread 0x000000001a67c800 Uncommon trap: reason=unstable_if action=reinterpret pc=0x000000000513e610 method=java.util.concurrent.ConcurrentLinkedQueue.poll()Ljava/lang/Object; @ 74
Event: 3066.271 Thread 0x000000001b803800 Uncommon trap: reason=class_check action=maybe_recompile pc=0x0000000005efb668 method=org.gradle.internal.logging.sink.OutputEventTransformer.onOutput(Lorg/gradle/internal/logging/events/OutputEvent;)V @ 335
Event: 3066.271 Thread 0x000000001b803800 Uncommon trap: reason=class_check action=maybe_recompile pc=0x0000000006298250 method=org.gradle.internal.logging.console.StyledTextOutputBackedRenderer.onOutput(Lorg/gradle/internal/logging/events/OutputEvent;)V @ 65
Event: 3066.272 Thread 0x000000001b803800 Uncommon trap: reason=class_check action=maybe_recompile pc=0x0000000005efb668 method=org.gradle.internal.logging.sink.OutputEventTransformer.onOutput(Lorg/gradle/internal/logging/events/OutputEvent;)V @ 335
Event: 3066.272 Thread 0x000000001b803800 Uncommon trap: reason=class_check action=maybe_recompile pc=0x0000000006298250 method=org.gradle.internal.logging.console.StyledTextOutputBackedRenderer.onOutput(Lorg/gradle/internal/logging/events/OutputEvent;)V @ 65
Event: 3066.272 Thread 0x000000001b803800 Uncommon trap: reason=class_check action=maybe_recompile pc=0x0000000005efb668 method=org.gradle.internal.logging.sink.OutputEventTransformer.onOutput(Lorg/gradle/internal/logging/events/OutputEvent;)V @ 335
Event: 3066.272 Thread 0x000000001b803800 Uncommon trap: reason=class_check action=maybe_recompile pc=0x0000000006298250 method=org.gradle.internal.logging.console.StyledTextOutputBackedRenderer.onOutput(Lorg/gradle/internal/logging/events/OutputEvent;)V @ 65
Event: 3066.273 Thread 0x000000001b803800 Uncommon trap: reason=class_check action=maybe_recompile pc=0x0000000005efb668 method=org.gradle.internal.logging.sink.OutputEventTransformer.onOutput(Lorg/gradle/internal/logging/events/OutputEvent;)V @ 335
Event: 3066.273 Thread 0x000000001b803800 Uncommon trap: reason=class_check action=maybe_recompile pc=0x0000000006298250 method=org.gradle.internal.logging.console.StyledTextOutputBackedRenderer.onOutput(Lorg/gradle/internal/logging/events/OutputEvent;)V @ 65
Event: 3066.273 Thread 0x000000001b803800 Uncommon trap: reason=class_check action=maybe_recompile pc=0x000000000628be70 method=org.gradle.internal.logging.console.StyledTextOutputBackedRenderer.onOutput(Lorg/gradle/internal/logging/events/OutputEvent;)V @ 65

Classes redefined (0 events):
No events

Internal exceptions (10 events):
Event: 3063.967 Thread 0x000000001b7fd800 Exception <a 'sun/nio/fs/WindowsException'> (0x00000000ed6c57f0) thrown at [C:\src\AOSP-openjdk-git\hotspot\src\share\vm\prims\jni.cpp, line 710]
Event: 3063.967 Thread 0x000000001b7fd800 Exception <a 'sun/nio/fs/WindowsException'> (0x00000000ed6c69e0) thrown at [C:\src\AOSP-openjdk-git\hotspot\src\share\vm\prims\jni.cpp, line 710]
Event: 3064.046 Thread 0x000000001bc6f800 Exception <a 'sun/nio/fs/WindowsException'> (0x00000000f188ab18) thrown at [C:\src\AOSP-openjdk-git\hotspot\src\share\vm\prims\jni.cpp, line 710]
Event: 3064.046 Thread 0x000000001bc6f800 Exception <a 'sun/nio/fs/WindowsException'> (0x00000000f188b440) thrown at [C:\src\AOSP-openjdk-git\hotspot\src\share\vm\prims\jni.cpp, line 710]
Event: 3064.047 Thread 0x000000001bc6f800 Exception <a 'sun/nio/fs/WindowsException'> (0x00000000f188ce68) thrown at [C:\src\AOSP-openjdk-git\hotspot\src\share\vm\prims\jni.cpp, line 710]
Event: 3064.047 Thread 0x000000001bc6f800 Exception <a 'sun/nio/fs/WindowsException'> (0x00000000f188e058) thrown at [C:\src\AOSP-openjdk-git\hotspot\src\share\vm\prims\jni.cpp, line 710]
Event: 3065.024 Thread 0x000000001b800800 Exception <a 'sun/nio/fs/WindowsException'> (0x00000000e0b4af10) thrown at [C:\src\AOSP-openjdk-git\hotspot\src\share\vm\prims\jni.cpp, line 710]
Event: 3065.024 Thread 0x000000001b800800 Exception <a 'sun/nio/fs/WindowsException'> (0x00000000e0b4b728) thrown at [C:\src\AOSP-openjdk-git\hotspot\src\share\vm\prims\jni.cpp, line 710]
Event: 3065.027 Thread 0x000000001b800800 Exception <a 'sun/nio/fs/WindowsException'> (0x00000000e0b4d150) thrown at [C:\src\AOSP-openjdk-git\hotspot\src\share\vm\prims\jni.cpp, line 710]
Event: 3065.028 Thread 0x000000001b800800 Exception <a 'sun/nio/fs/WindowsException'> (0x00000000e0b4e398) thrown at [C:\src\AOSP-openjdk-git\hotspot\src\share\vm\prims\jni.cpp, line 710]

Events (10 events):
Event: 3066.272 Thread 0x000000001b803800 DEOPT UNPACKING pc=0x00000000030a557b sp=0x000000003201e3c0 mode 2
Event: 3066.273 Thread 0x000000001b803800 Uncommon trap: trap_request=0xffffffde fr.pc=0x0000000005efb668
Event: 3066.273 Thread 0x000000001b803800 DEOPT PACKING pc=0x0000000005efb668 sp=0x000000003201e660
Event: 3066.273 Thread 0x000000001b803800 DEOPT UNPACKING pc=0x00000000030a557b sp=0x000000003201e660 mode 2
Event: 3066.273 Thread 0x000000001b803800 Uncommon trap: trap_request=0xffffffde fr.pc=0x0000000006298250
Event: 3066.273 Thread 0x000000001b803800 DEOPT PACKING pc=0x0000000006298250 sp=0x000000003201e460
Event: 3066.273 Thread 0x000000001b803800 DEOPT UNPACKING pc=0x00000000030a557b sp=0x000000003201e3a0 mode 2
Event: 3066.273 Thread 0x000000001b803800 Uncommon trap: trap_request=0xffffffde fr.pc=0x000000000628be70
Event: 3066.273 Thread 0x000000001b803800 DEOPT PACKING pc=0x000000000628be70 sp=0x000000003201e3d0
Event: 3066.273 Thread 0x000000001b803800 DEOPT UNPACKING pc=0x00000000030a557b sp=0x000000003201e380 mode 2


Dynamic libraries:
0x00007ff687b00000 - 0x00007ff687b31000 	C:\Program Files\Android\Android Studio\jre\bin\java.exe
0x00007fff76a40000 - 0x00007fff76c30000 	C:\WINDOWS\SYSTEM32\ntdll.dll
0x00007fff75fa0000 - 0x00007fff76052000 	C:\WINDOWS\System32\KERNEL32.DLL
0x00007fff73dd0000 - 0x00007fff74075000 	C:\WINDOWS\System32\KERNELBASE.dll
0x00007fff76830000 - 0x00007fff768d3000 	C:\WINDOWS\System32\ADVAPI32.dll
0x00007fff75bc0000 - 0x00007fff75c5e000 	C:\WINDOWS\System32\msvcrt.dll
0x00007fff751e0000 - 0x00007fff75277000 	C:\WINDOWS\System32\sechost.dll
0x00007fff768e0000 - 0x00007fff76a00000 	C:\WINDOWS\System32\RPCRT4.dll
0x00007fff75280000 - 0x00007fff75414000 	C:\WINDOWS\System32\USER32.dll
0x00007fff74140000 - 0x00007fff74161000 	C:\WINDOWS\System32\win32u.dll
0x00007fff75420000 - 0x00007fff75446000 	C:\WINDOWS\System32\GDI32.dll
0x00007fff74950000 - 0x00007fff74ae6000 	C:\WINDOWS\System32\gdi32full.dll
0x00007fff74080000 - 0x00007fff7411e000 	C:\WINDOWS\System32\msvcp_win.dll
0x00007fff73cd0000 - 0x00007fff73dca000 	C:\WINDOWS\System32\ucrtbase.dll
0x00007fff5f7c0000 - 0x00007fff5fa44000 	C:\WINDOWS\WinSxS\amd64_microsoft.windows.common-controls_6595b64144ccf1df_6.0.18362.1198_none_9e820b57e45ad92f\COMCTL32.dll
0x00007fff74cd0000 - 0x00007fff75005000 	C:\WINDOWS\System32\combase.dll
0x00007fff73c50000 - 0x00007fff73cd0000 	C:\WINDOWS\System32\bcryptPrimitives.dll
0x00007fff75460000 - 0x00007fff7548e000 	C:\WINDOWS\System32\IMM32.DLL
0x0000000060100000 - 0x00000000601d2000 	C:\Program Files\Android\Android Studio\jre\jre\bin\msvcr100.dll
0x00000000602c0000 - 0x0000000060b0b000 	C:\Program Files\Android\Android Studio\jre\jre\bin\server\jvm.dll
0x00007fff75450000 - 0x00007fff75458000 	C:\WINDOWS\System32\PSAPI.DLL
0x00007fff6f1c0000 - 0x00007fff6f1ca000 	C:\WINDOWS\SYSTEM32\VERSION.dll
0x00007fff68940000 - 0x00007fff68964000 	C:\WINDOWS\SYSTEM32\WINMM.dll
0x00007fff6f130000 - 0x00007fff6f139000 	C:\WINDOWS\SYSTEM32\WSOCK32.dll
0x00007fff75980000 - 0x00007fff759ef000 	C:\WINDOWS\System32\WS2_32.dll
0x00007fff68910000 - 0x00007fff6893d000 	C:\WINDOWS\SYSTEM32\winmmbase.dll
0x00007fff74170000 - 0x00007fff741ba000 	C:\WINDOWS\System32\cfgmgr32.dll
0x00007fff6f0f0000 - 0x00007fff6f0ff000 	C:\Program Files\Android\Android Studio\jre\jre\bin\verify.dll
0x00007fff62a40000 - 0x00007fff62a69000 	C:\Program Files\Android\Android Studio\jre\jre\bin\java.dll
0x00007fff68970000 - 0x00007fff68986000 	C:\Program Files\Android\Android Studio\jre\jre\bin\zip.dll
0x00007fff760e0000 - 0x00007fff767c7000 	C:\WINDOWS\System32\SHELL32.dll
0x00007fff75e20000 - 0x00007fff75ec9000 	C:\WINDOWS\System32\shcore.dll
0x00007fff741c0000 - 0x00007fff74941000 	C:\WINDOWS\System32\windows.storage.dll
0x00007fff73940000 - 0x00007fff73963000 	C:\WINDOWS\System32\profapi.dll
0x00007fff73970000 - 0x00007fff739ba000 	C:\WINDOWS\System32\powrprof.dll
0x00007fff738f0000 - 0x00007fff73900000 	C:\WINDOWS\System32\UMPDC.dll
0x00007fff74c70000 - 0x00007fff74cc2000 	C:\WINDOWS\System32\shlwapi.dll
0x00007fff73900000 - 0x00007fff73911000 	C:\WINDOWS\System32\kernel.appcore.dll
0x00007fff74120000 - 0x00007fff74137000 	C:\WINDOWS\System32\cryptsp.dll
0x00007fff66200000 - 0x00007fff6621a000 	C:\Program Files\Android\Android Studio\jre\jre\bin\net.dll
0x00007fff73140000 - 0x00007fff731a7000 	C:\WINDOWS\system32\mswsock.dll
0x00007fff63c20000 - 0x00007fff63c33000 	C:\Program Files\Android\Android Studio\jre\jre\bin\nio.dll
0x00007fff58fd0000 - 0x00007fff58ff6000 	C:\Users\ADMIN\.gradle\native\30\windows-amd64\native-platform.dll
0x00007fff6ed70000 - 0x00007fff6ed7d000 	C:\Program Files\Android\Android Studio\jre\jre\bin\management.dll
0x00007fff72cb0000 - 0x00007fff72ce3000 	C:\WINDOWS\system32\rsaenh.dll
0x00007fff73a70000 - 0x00007fff73a96000 	C:\WINDOWS\System32\bcrypt.dll
0x00007fff73810000 - 0x00007fff73835000 	C:\WINDOWS\SYSTEM32\USERENV.dll
0x00007fff73310000 - 0x00007fff7331c000 	C:\WINDOWS\SYSTEM32\CRYPTBASE.dll
0x00007fff72e50000 - 0x00007fff72e8a000 	C:\WINDOWS\SYSTEM32\IPHLPAPI.DLL
0x00007fff751d0000 - 0x00007fff751d8000 	C:\WINDOWS\System32\NSI.dll
0x00007fff6d060000 - 0x00007fff6d076000 	C:\WINDOWS\SYSTEM32\dhcpcsvc6.DLL
0x00007fff6e360000 - 0x00007fff6e37c000 	C:\WINDOWS\SYSTEM32\dhcpcsvc.DLL
0x00007fff72e90000 - 0x00007fff72f5b000 	C:\WINDOWS\SYSTEM32\DNSAPI.dll
0x00007fff6c200000 - 0x00007fff6c21e000 	C:\Users\ADMIN\AppData\Local\Temp\native-platform4789678229028075772dir\native-platform.dll

VM Arguments:
jvm_args: -Xmx1536M -Dfile.encoding=windows-1252 -Duser.country=US -Duser.language=en -Duser.variant 
java_command: org.gradle.launcher.daemon.bootstrap.GradleDaemon 5.6.2
java_class_path (initial): C:\Users\ADMIN\.gradle\wrapper\dists\gradle-5.6.2-all\9st6wgf78h16so49nn74lgtbb\gradle-5.6.2\lib\gradle-launcher-5.6.2.jar
Launcher Type: SUN_STANDARD

Environment Variables:
JAVA_HOME=C:\Program Files\Android\Android Studio\jre
CLASSPATH=C:\Users\ADMIN\Desktop\UberClone\android\\gradle\wrapper\gradle-wrapper.jar
PATH=C:\Program Files (x86)\Common Files\Oracle\Java\javapath;C:\Program Files (x86)\Intel\Intel(R) Management Engine Components\iCLS\;C:\Program Files\Intel\Intel(R) Management Engine Components\iCLS\;C:\WINDOWS\system32;C:\WINDOWS;C:\WINDOWS\System32\Wbem;C:\WINDOWS\System32\WindowsPowerShell\v1.0\;C:\WINDOWS\System32\OpenSSH\;C:\Program Files (x86)\Intel\Intel(R) Management Engine Components\DAL;C:\Program Files\Intel\Intel(R) Management Engine Components\DAL;C:\apache-maven-3.6.0\bin;C:\Program Files\Android\Android Studio\jre\bin;C:\Program Files\dotnet\;C:\Program Files\Git\cmd;C:\Users\ADMIN\AppData\Local\Android\Sdk;C:\Users\ADMIN\AppData\Local\Programs\Python\Python38-32\Scripts\;C:\Users\ADMIN\AppData\Local\Programs\Python\Python38-32\;C:\Users\ADMIN\AppData\Local\Microsoft\WindowsApps;C:\src\flutter\bin;C:\Users\ADMIN\AppData\Local\Android\Sdk\platform-tools;C:\Users\ADMIN\AppData\Local\GitHubDesktop\bin;D:\Users\ADMIN\AppData\Local\Programs\Microsoft VS Code\bin
USERNAME=ADMIN
OS=Windows_NT
PROCESSOR_IDENTIFIER=Intel64 Family 6 Model 142 Stepping 10, GenuineIntel



---------------  S Y S T E M  ---------------

OS: Windows 10.0 , 64 bit Build 18362 (10.0.18362.1110)

CPU:total 8 (initial active 8) (4 cores per cpu, 2 threads per core) family 6 model 142 stepping 10, cmov, cx8, fxsr, mmx, sse, sse2, sse3, ssse3, sse4.1, sse4.2, popcnt, avx, avx2, aes, clmul, erms, 3dnowpref, lzcnt, ht, tsc, tscinvbit, bmi1, bmi2, adx

Memory: 4k page, physical 8263740k(848088k free), swap 13383740k(7436k free)

vm_info: OpenJDK 64-Bit Server VM (25.242-b01) for windows-amd64 JRE (1.8.0_242-release-1644-b01), built by "builder" with MS VC++ 10.0 (VS2010)

time: Sun Nov 29 21:49:14 2020
timezone: SE Asia Standard Time
elapsed time: 3066 seconds (0d 0h 51m 6s)

